This file contains any messages produced by compilers while
running configure, to aid debugging if configure makes a mistake.

It was created by configure, which was
generated by GNU Autoconf 2.65.  Invocation command line was

  $ ./configure 

## --------- ##
## Platform. ##
## --------- ##

hostname = barae
uname -m = x86_64
uname -r = 5.18.7-arch1-1
uname -s = Linux
uname -v = #1 SMP PREEMPT_DYNAMIC Sat, 25 Jun 2022 20:22:01 +0000

/usr/bin/uname -p = unknown
/bin/uname -X     = unknown

/bin/arch              = unknown
/usr/bin/arch -k       = unknown
/usr/convex/getsysinfo = unknown
/usr/bin/hostinfo      = unknown
/bin/machine           = unknown
/usr/bin/oslevel       = unknown
/bin/universe          = unknown

PATH: /usr/local/bin
PATH: /usr/bin
PATH: /usr/local/sbin
PATH: /usr/lib/jvm/default/bin
PATH: /opt/nessus/bin
PATH: /opt/nessus/sbin
PATH: /usr/bin/site_perl
PATH: /usr/bin/vendor_perl
PATH: /usr/bin/core_perl


## ----------- ##
## Core tests. ##
## ----------- ##

configure:2181: result: Begining autoconfiguration process for thc-ssl-dos-1.4...
configure:2211: checking build system type
configure:2225: result: x86_64-unknown-linux-gnu
configure:2245: checking host system type
configure:2258: result: x86_64-unknown-linux-gnu
configure:2278: checking target system type
configure:2291: result: x86_64-unknown-linux-gnu
configure:2335: checking for a BSD-compatible install
configure:2403: result: /usr/bin/install -c
configure:2414: checking whether build environment is sane
configure:2464: result: yes
configure:2605: checking for a thread-safe mkdir -p
configure:2644: result: /usr/bin/mkdir -p
configure:2657: checking for gawk
configure:2673: found /usr/bin/gawk
configure:2684: result: gawk
configure:2695: checking whether make sets $(MAKE)
configure:2717: result: yes
configure:2848: checking for gcc
configure:2864: found /usr/bin/gcc
configure:2875: result: gcc
configure:3104: checking for C compiler version
configure:3113: gcc --version >&5
gcc (GCC) 12.1.0
Copyright (C) 2022 Free Software Foundation, Inc.
This is free software; see the source for copying conditions.  There is NO
warranty; not even for MERCHANTABILITY or FITNESS FOR A PARTICULAR PURPOSE.

configure:3124: $? = 0
configure:3113: gcc -v >&5
Using built-in specs.
COLLECT_GCC=gcc
COLLECT_LTO_WRAPPER=/usr/lib/gcc/x86_64-pc-linux-gnu/12.1.0/lto-wrapper
Target: x86_64-pc-linux-gnu
Configured with: /build/gcc/src/gcc/configure --enable-languages=c,c++,ada,fortran,go,lto,objc,obj-c++ --enable-bootstrap --prefix=/usr --libdir=/usr/lib --libexecdir=/usr/lib --mandir=/usr/share/man --infodir=/usr/share/info --with-bugurl=https://bugs.archlinux.org/ --with-linker-hash-style=gnu --with-system-zlib --enable-__cxa_atexit --enable-cet=auto --enable-checking=release --enable-clocale=gnu --enable-default-pie --enable-default-ssp --enable-gnu-indirect-function --enable-gnu-unique-object --enable-linker-build-id --enable-lto --enable-multilib --enable-plugin --enable-shared --enable-threads=posix --disable-libssp --disable-libstdcxx-pch --disable-werror --with-build-config=bootstrap-lto --enable-link-serialization=1
Thread model: posix
Supported LTO compression algorithms: zlib zstd
gcc version 12.1.0 (GCC) 
configure:3124: $? = 0
configure:3113: gcc -V >&5
gcc: error: unrecognized command-line option '-V'
gcc: fatal error: no input files
compilation terminated.
configure:3124: $? = 1
configure:3113: gcc -qversion >&5
gcc: error: unrecognized command-line option '-qversion'; did you mean '--version'?
gcc: fatal error: no input files
compilation terminated.
configure:3124: $? = 1
configure:3144: checking whether the C compiler works
configure:3166: gcc    conftest.c  >&5
configure:3170: $? = 0
configure:3219: result: yes
configure:3222: checking for C compiler default output file name
configure:3224: result: a.out
configure:3230: checking for suffix of executables
configure:3237: gcc -o conftest    conftest.c  >&5
configure:3241: $? = 0
configure:3263: result: 
configure:3285: checking whether we are cross compiling
configure:3293: gcc -o conftest    conftest.c  >&5
configure:3297: $? = 0
configure:3304: ./conftest
configure:3308: $? = 0
configure:3323: result: no
configure:3328: checking for suffix of object files
configure:3350: gcc -c   conftest.c >&5
configure:3354: $? = 0
configure:3375: result: o
configure:3379: checking whether we are using the GNU C compiler
configure:3398: gcc -c   conftest.c >&5
configure:3398: $? = 0
configure:3407: result: yes
configure:3416: checking whether gcc accepts -g
configure:3436: gcc -c -g  conftest.c >&5
configure:3436: $? = 0
configure:3477: result: yes
configure:3494: checking for gcc option to accept ISO C89
configure:3558: gcc  -c -g -O2  conftest.c >&5
configure:3558: $? = 0
configure:3571: result: none needed
configure:3602: checking for style of include used by make
configure:3630: result: GNU
configure:3655: checking dependency style of gcc
configure:3765: result: gcc3
configure:3824: checking for ranlib
configure:3840: found /usr/bin/ranlib
configure:3851: result: ranlib
configure:3874: checking for an ANSI C-conforming const
configure:3939: gcc -c -g -O2  conftest.c >&5
configure:3939: $? = 0
configure:3946: result: yes
configure:4009: checking whether to compile a static binary
configure:4021: result: no
configure:4034: checking whether to compile with DEBUG flag
configure:4046: result: no
configure:4053: checking for /dev/urandom
configure:4066: result: yes
configure:4076: checking for socket in -lsocket
configure:4101: gcc -o conftest -O2 -Wall  -I/usr/local/include  -L./  -L/usr/local/lib  conftest.c -lsocket   >&5
/usr/bin/ld: cannot find -lsocket: No such file or directory
collect2: error: ld returned 1 exit status
configure:4101: $? = 1
configure: failed program was:
| /* confdefs.h */
| #define PACKAGE_NAME ""
| #define PACKAGE_TARNAME ""
| #define PACKAGE_VERSION ""
| #define PACKAGE_STRING ""
| #define PACKAGE_BUGREPORT ""
| #define PACKAGE_URL ""
| #define PACKAGE "thc-ssl-dos"
| #define VERSION "1.4"
| #define HAVE_DEVURANDOM 1
| /* end confdefs.h.  */
| 
| /* Override any GCC internal prototype to avoid an error.
|    Use char because int might match the return type of a GCC
|    builtin and then its argument prototype would still apply.  */
| #ifdef __cplusplus
| extern "C"
| #endif
| char socket ();
| int
| main ()
| {
| return socket ();
|   ;
|   return 0;
| }
configure:4110: result: no
configure:4121: checking for gethostbyname in -lnsl
configure:4146: gcc -o conftest -O2 -Wall  -I/usr/local/include  -L./  -L/usr/local/lib  conftest.c -lnsl   >&5
configure:4146: $? = 0
configure:4155: result: yes
configure:4167: checking for DH_free in -lcrypto
configure:4192: gcc -o conftest -O2 -Wall  -I/usr/local/include  -L./  -L/usr/local/lib  conftest.c -lcrypto  -lnsl  >&5
configure:4192: $? = 0
configure:4201: result: yes
configure:4214: checking for BIO_new_ssl in -lssl
configure:4239: gcc -o conftest -O2 -Wall  -I/usr/local/include  -L./  -L/usr/local/lib  conftest.c -lssl  -lcrypto -lnsl  >&5
configure:4239: $? = 0
configure:4248: result: yes
configure:4262: checking OpenSSL library version
configure:4282: gcc -o conftest -O2 -Wall  -I/usr/local/include  -L./  -L/usr/local/lib  conftest.c -lssl -lcrypto -lnsl  >&5
configure:4282: $? = 0
configure:4282: ./conftest
configure:4282: $? = 0
configure:4283: result: ok
configure:4301: checking how to run the C preprocessor
configure:4332: gcc -E  -I/usr/local/include  conftest.c
configure:4332: $? = 0
configure:4346: gcc -E  -I/usr/local/include  conftest.c
conftest.c:15:10: fatal error: ac_nonexistent.h: No such file or directory
   15 | #include <ac_nonexistent.h>
      |          ^~~~~~~~~~~~~~~~~~
compilation terminated.
configure:4346: $? = 1
configure: failed program was:
| /* confdefs.h */
| #define PACKAGE_NAME ""
| #define PACKAGE_TARNAME ""
| #define PACKAGE_VERSION ""
| #define PACKAGE_STRING ""
| #define PACKAGE_BUGREPORT ""
| #define PACKAGE_URL ""
| #define PACKAGE "thc-ssl-dos"
| #define VERSION "1.4"
| #define HAVE_DEVURANDOM 1
| #define HAVE_LIBNSL 1
| #define HAVE_LIBCRYPTO 1
| #define HAVE_LIBSSL 1
| /* end confdefs.h.  */
| #include <ac_nonexistent.h>
configure:4371: result: gcc -E
configure:4391: gcc -E  -I/usr/local/include  conftest.c
configure:4391: $? = 0
configure:4405: gcc -E  -I/usr/local/include  conftest.c
conftest.c:15:10: fatal error: ac_nonexistent.h: No such file or directory
   15 | #include <ac_nonexistent.h>
      |          ^~~~~~~~~~~~~~~~~~
compilation terminated.
configure:4405: $? = 1
configure: failed program was:
| /* confdefs.h */
| #define PACKAGE_NAME ""
| #define PACKAGE_TARNAME ""
| #define PACKAGE_VERSION ""
| #define PACKAGE_STRING ""
| #define PACKAGE_BUGREPORT ""
| #define PACKAGE_URL ""
| #define PACKAGE "thc-ssl-dos"
| #define VERSION "1.4"
| #define HAVE_DEVURANDOM 1
| #define HAVE_LIBNSL 1
| #define HAVE_LIBCRYPTO 1
| #define HAVE_LIBSSL 1
| /* end confdefs.h.  */
| #include <ac_nonexistent.h>
configure:4434: checking for grep that handles long lines and -e
configure:4492: result: /usr/bin/grep
configure:4497: checking for egrep
configure:4559: result: /usr/bin/grep -E
configure:4564: checking for ANSI C header files
configure:4584: gcc -c -O2 -Wall  -I/usr/local/include  conftest.c >&5
configure:4584: $? = 0
configure:4657: gcc -o conftest -O2 -Wall  -I/usr/local/include  -L./  -L/usr/local/lib  conftest.c -lssl -lcrypto -lnsl  >&5
configure:4657: $? = 0
configure:4657: ./conftest
configure:4657: $? = 0
configure:4668: result: yes
configure:4676: checking for sys/wait.h that is POSIX.1 compatible
configure:4702: gcc -c -O2 -Wall  -I/usr/local/include  conftest.c >&5
configure:4702: $? = 0
configure:4709: result: yes
configure:4722: checking for sys/types.h
configure:4722: gcc -c -O2 -Wall  -I/usr/local/include  conftest.c >&5
configure:4722: $? = 0
configure:4722: result: yes
configure:4722: checking for sys/stat.h
configure:4722: gcc -c -O2 -Wall  -I/usr/local/include  conftest.c >&5
configure:4722: $? = 0
configure:4722: result: yes
configure:4722: checking for stdlib.h
configure:4722: gcc -c -O2 -Wall  -I/usr/local/include  conftest.c >&5
configure:4722: $? = 0
configure:4722: result: yes
configure:4722: checking for string.h
configure:4722: gcc -c -O2 -Wall  -I/usr/local/include  conftest.c >&5
configure:4722: $? = 0
configure:4722: result: yes
configure:4722: checking for memory.h
configure:4722: gcc -c -O2 -Wall  -I/usr/local/include  conftest.c >&5
configure:4722: $? = 0
configure:4722: result: yes
configure:4722: checking for strings.h
configure:4722: gcc -c -O2 -Wall  -I/usr/local/include  conftest.c >&5
configure:4722: $? = 0
configure:4722: result: yes
configure:4722: checking for inttypes.h
configure:4722: gcc -c -O2 -Wall  -I/usr/local/include  conftest.c >&5
configure:4722: $? = 0
configure:4722: result: yes
configure:4722: checking for stdint.h
configure:4722: gcc -c -O2 -Wall  -I/usr/local/include  conftest.c >&5
configure:4722: $? = 0
configure:4722: result: yes
configure:4722: checking for unistd.h
configure:4722: gcc -c -O2 -Wall  -I/usr/local/include  conftest.c >&5
configure:4722: $? = 0
configure:4722: result: yes
configure:4738: checking sys/time.h usability
configure:4738: gcc -c -O2 -Wall  -I/usr/local/include  conftest.c >&5
configure:4738: $? = 0
configure:4738: result: yes
configure:4738: checking sys/time.h presence
configure:4738: gcc -E  -I/usr/local/include  conftest.c
configure:4738: $? = 0
configure:4738: result: yes
configure:4738: checking for sys/time.h
configure:4738: result: yes
configure:4738: checking for unistd.h
configure:4738: result: yes
configure:4738: checking for string.h
configure:4738: result: yes
configure:4750: checking for an ANSI C-conforming const
configure:4822: result: yes
configure:4830: checking whether time.h and sys/time.h may both be included
configure:4850: gcc -c -O2 -Wall  -I/usr/local/include  conftest.c >&5
configure:4850: $? = 0
configure:4857: result: yes
configure:4866: checking for working memcmp
configure:4909: gcc -o conftest -O2 -Wall  -I/usr/local/include  -L./  -L/usr/local/lib  conftest.c -lssl -lcrypto -lnsl  >&5
configure:4909: $? = 0
configure:4909: ./conftest
configure:4909: $? = 0
configure:4919: result: yes
configure:4929: checking for size_t
configure:4929: gcc -c -O2 -Wall  -I/usr/local/include  conftest.c >&5
configure:4929: $? = 0
configure:4929: gcc -c -O2 -Wall  -I/usr/local/include  conftest.c >&5
conftest.c: In function 'main':
conftest.c:66:21: error: expected expression before ')' token
   66 | if (sizeof ((size_t)))
      |                     ^
configure:4929: $? = 1
configure: failed program was:
| /* confdefs.h */
| #define PACKAGE_NAME ""
| #define PACKAGE_TARNAME ""
| #define PACKAGE_VERSION ""
| #define PACKAGE_STRING ""
| #define PACKAGE_BUGREPORT ""
| #define PACKAGE_URL ""
| #define PACKAGE "thc-ssl-dos"
| #define VERSION "1.4"
| #define HAVE_DEVURANDOM 1
| #define HAVE_LIBNSL 1
| #define HAVE_LIBCRYPTO 1
| #define HAVE_LIBSSL 1
| #define STDC_HEADERS 1
| #define HAVE_SYS_WAIT_H 1
| #define HAVE_SYS_TYPES_H 1
| #define HAVE_SYS_STAT_H 1
| #define HAVE_STDLIB_H 1
| #define HAVE_STRING_H 1
| #define HAVE_MEMORY_H 1
| #define HAVE_STRINGS_H 1
| #define HAVE_INTTYPES_H 1
| #define HAVE_STDINT_H 1
| #define HAVE_UNISTD_H 1
| #define HAVE_SYS_TIME_H 1
| #define HAVE_UNISTD_H 1
| #define HAVE_STRING_H 1
| #define TIME_WITH_SYS_TIME 1
| /* end confdefs.h.  */
| #include <stdio.h>
| #ifdef HAVE_SYS_TYPES_H
| # include <sys/types.h>
| #endif
| #ifdef HAVE_SYS_STAT_H
| # include <sys/stat.h>
| #endif
| #ifdef STDC_HEADERS
| # include <stdlib.h>
| # include <stddef.h>
| #else
| # ifdef HAVE_STDLIB_H
| #  include <stdlib.h>
| # endif
| #endif
| #ifdef HAVE_STRING_H
| # if !defined STDC_HEADERS && defined HAVE_MEMORY_H
| #  include <memory.h>
| # endif
| # include <string.h>
| #endif
| #ifdef HAVE_STRINGS_H
| # include <strings.h>
| #endif
| #ifdef HAVE_INTTYPES_H
| # include <inttypes.h>
| #endif
| #ifdef HAVE_STDINT_H
| # include <stdint.h>
| #endif
| #ifdef HAVE_UNISTD_H
| # include <unistd.h>
| #endif
| int
| main ()
| {
| if (sizeof ((size_t)))
| 	    return 0;
|   ;
|   return 0;
| }
configure:4929: result: yes
configure:4940: checking for u_int32_t
configure:4940: gcc -c -O2 -Wall  -I/usr/local/include  conftest.c >&5
configure:4940: $? = 0
configure:4940: gcc -c -O2 -Wall  -I/usr/local/include  conftest.c >&5
conftest.c: In function 'main':
conftest.c:66:24: error: expected expression before ')' token
   66 | if (sizeof ((u_int32_t)))
      |                        ^
configure:4940: $? = 1
configure: failed program was:
| /* confdefs.h */
| #define PACKAGE_NAME ""
| #define PACKAGE_TARNAME ""
| #define PACKAGE_VERSION ""
| #define PACKAGE_STRING ""
| #define PACKAGE_BUGREPORT ""
| #define PACKAGE_URL ""
| #define PACKAGE "thc-ssl-dos"
| #define VERSION "1.4"
| #define HAVE_DEVURANDOM 1
| #define HAVE_LIBNSL 1
| #define HAVE_LIBCRYPTO 1
| #define HAVE_LIBSSL 1
| #define STDC_HEADERS 1
| #define HAVE_SYS_WAIT_H 1
| #define HAVE_SYS_TYPES_H 1
| #define HAVE_SYS_STAT_H 1
| #define HAVE_STDLIB_H 1
| #define HAVE_STRING_H 1
| #define HAVE_MEMORY_H 1
| #define HAVE_STRINGS_H 1
| #define HAVE_INTTYPES_H 1
| #define HAVE_STDINT_H 1
| #define HAVE_UNISTD_H 1
| #define HAVE_SYS_TIME_H 1
| #define HAVE_UNISTD_H 1
| #define HAVE_STRING_H 1
| #define TIME_WITH_SYS_TIME 1
| /* end confdefs.h.  */
| #include <stdio.h>
| #ifdef HAVE_SYS_TYPES_H
| # include <sys/types.h>
| #endif
| #ifdef HAVE_SYS_STAT_H
| # include <sys/stat.h>
| #endif
| #ifdef STDC_HEADERS
| # include <stdlib.h>
| # include <stddef.h>
| #else
| # ifdef HAVE_STDLIB_H
| #  include <stdlib.h>
| # endif
| #endif
| #ifdef HAVE_STRING_H
| # if !defined STDC_HEADERS && defined HAVE_MEMORY_H
| #  include <memory.h>
| # endif
| # include <string.h>
| #endif
| #ifdef HAVE_STRINGS_H
| # include <strings.h>
| #endif
| #ifdef HAVE_INTTYPES_H
| # include <inttypes.h>
| #endif
| #ifdef HAVE_STDINT_H
| # include <stdint.h>
| #endif
| #ifdef HAVE_UNISTD_H
| # include <unistd.h>
| #endif
| int
| main ()
| {
| if (sizeof ((u_int32_t)))
| 	    return 0;
|   ;
|   return 0;
| }
configure:4940: result: yes
configure:4950: checking for uint32_t
configure:4950: gcc -c -O2 -Wall  -I/usr/local/include  conftest.c >&5
configure:4950: $? = 0
configure:4950: gcc -c -O2 -Wall  -I/usr/local/include  conftest.c >&5
conftest.c: In function 'main':
conftest.c:67:23: error: expected expression before ')' token
   67 | if (sizeof ((uint32_t)))
      |                       ^
configure:4950: $? = 1
configure: failed program was:
| /* confdefs.h */
| #define PACKAGE_NAME ""
| #define PACKAGE_TARNAME ""
| #define PACKAGE_VERSION ""
| #define PACKAGE_STRING ""
| #define PACKAGE_BUGREPORT ""
| #define PACKAGE_URL ""
| #define PACKAGE "thc-ssl-dos"
| #define VERSION "1.4"
| #define HAVE_DEVURANDOM 1
| #define HAVE_LIBNSL 1
| #define HAVE_LIBCRYPTO 1
| #define HAVE_LIBSSL 1
| #define STDC_HEADERS 1
| #define HAVE_SYS_WAIT_H 1
| #define HAVE_SYS_TYPES_H 1
| #define HAVE_SYS_STAT_H 1
| #define HAVE_STDLIB_H 1
| #define HAVE_STRING_H 1
| #define HAVE_MEMORY_H 1
| #define HAVE_STRINGS_H 1
| #define HAVE_INTTYPES_H 1
| #define HAVE_STDINT_H 1
| #define HAVE_UNISTD_H 1
| #define HAVE_SYS_TIME_H 1
| #define HAVE_UNISTD_H 1
| #define HAVE_STRING_H 1
| #define TIME_WITH_SYS_TIME 1
| #define HAVE_U_INT32_T 1
| /* end confdefs.h.  */
| #include <stdio.h>
| #ifdef HAVE_SYS_TYPES_H
| # include <sys/types.h>
| #endif
| #ifdef HAVE_SYS_STAT_H
| # include <sys/stat.h>
| #endif
| #ifdef STDC_HEADERS
| # include <stdlib.h>
| # include <stddef.h>
| #else
| # ifdef HAVE_STDLIB_H
| #  include <stdlib.h>
| # endif
| #endif
| #ifdef HAVE_STRING_H
| # if !defined STDC_HEADERS && defined HAVE_MEMORY_H
| #  include <memory.h>
| # endif
| # include <string.h>
| #endif
| #ifdef HAVE_STRINGS_H
| # include <strings.h>
| #endif
| #ifdef HAVE_INTTYPES_H
| # include <inttypes.h>
| #endif
| #ifdef HAVE_STDINT_H
| # include <stdint.h>
| #endif
| #ifdef HAVE_UNISTD_H
| # include <unistd.h>
| #endif
| int
| main ()
| {
| if (sizeof ((uint32_t)))
| 	    return 0;
|   ;
|   return 0;
| }
configure:4950: result: yes
configure:4964: checking for gettimeofday
configure:4964: gcc -o conftest -O2 -Wall  -I/usr/local/include  -L./  -L/usr/local/lib  conftest.c -lssl -lcrypto -lnsl  >&5
configure:4964: $? = 0
configure:4964: result: yes
configure:4964: checking for memcpy
configure:4964: gcc -o conftest -O2 -Wall  -I/usr/local/include  -L./  -L/usr/local/lib  conftest.c -lssl -lcrypto -lnsl  >&5
conftest.c:56:6: warning: conflicting types for built-in function 'memcpy'; expected 'void *(void *, const void *, long unsigned int)' [-Wbuiltin-declaration-mismatch]
   56 | char memcpy ();
      |      ^~~~~~
conftest.c:44:1: note: 'memcpy' is declared in header '<string.h>'
   43 | # include <limits.h>
   44 | #else
configure:4964: $? = 0
configure:4964: result: yes
configure:4964: checking for strchr
configure:4964: gcc -o conftest -O2 -Wall  -I/usr/local/include  -L./  -L/usr/local/lib  conftest.c -lssl -lcrypto -lnsl  >&5
conftest.c:57:6: warning: conflicting types for built-in function 'strchr'; expected 'char *(const char *, int)' [-Wbuiltin-declaration-mismatch]
   57 | char strchr ();
      |      ^~~~~~
conftest.c:45:1: note: 'strchr' is declared in header '<string.h>'
   44 | # include <limits.h>
   45 | #else
configure:4964: $? = 0
configure:4964: result: yes
configure:4964: checking for snprintf
configure:4964: gcc -o conftest -O2 -Wall  -I/usr/local/include  -L./  -L/usr/local/lib  conftest.c -lssl -lcrypto -lnsl  >&5
conftest.c:58:6: warning: conflicting types for built-in function 'snprintf'; expected 'int(char *, long unsigned int,  const char *, ...)' [-Wbuiltin-declaration-mismatch]
   58 | char snprintf ();
      |      ^~~~~~~~
conftest.c:46:1: note: 'snprintf' is declared in header '<stdio.h>'
   45 | # include <limits.h>
   46 | #else
configure:4964: $? = 0
configure:4964: result: yes
configure:4964: checking for vsnprintf
configure:4964: gcc -o conftest -O2 -Wall  -I/usr/local/include  -L./  -L/usr/local/lib  conftest.c -lssl -lcrypto -lnsl  >&5
conftest.c:59:6: warning: conflicting types for built-in function 'vsnprintf'; expected 'int(char *, long unsigned int,  const char *, __va_list_tag *)' [-Wbuiltin-declaration-mismatch]
   59 | char vsnprintf ();
      |      ^~~~~~~~~
conftest.c:47:1: note: 'vsnprintf' is declared in header '<stdio.h>'
   46 | # include <limits.h>
   47 | #else
configure:4964: $? = 0
configure:4964: result: yes
configure:5099: creating ./config.status

## ---------------------- ##
## Running config.status. ##
## ---------------------- ##

This file was extended by config.status, which was
generated by GNU Autoconf 2.65.  Invocation command line was

  CONFIG_FILES    = 
  CONFIG_HEADERS  = 
  CONFIG_LINKS    = 
  CONFIG_COMMANDS = 
  $ ./config.status 

on barae

config.status:881: creating Makefile
config.status:881: creating src/Makefile
config.status:881: creating config.h
config.status:1101: executing depfiles commands

## ---------------- ##
## Cache variables. ##
## ---------------- ##

ac_cv_build=x86_64-unknown-linux-gnu
ac_cv_c_compiler_gnu=yes
ac_cv_c_const=yes
ac_cv_env_CC_set=
ac_cv_env_CC_value=
ac_cv_env_CFLAGS_set=
ac_cv_env_CFLAGS_value=
ac_cv_env_CPPFLAGS_set=
ac_cv_env_CPPFLAGS_value=
ac_cv_env_CPP_set=
ac_cv_env_CPP_value=
ac_cv_env_LDFLAGS_set=
ac_cv_env_LDFLAGS_value=
ac_cv_env_LIBS_set=
ac_cv_env_LIBS_value=
ac_cv_env_build_alias_set=
ac_cv_env_build_alias_value=
ac_cv_env_host_alias_set=
ac_cv_env_host_alias_value=
ac_cv_env_target_alias_set=
ac_cv_env_target_alias_value=
ac_cv_file__dev_urandom=yes
ac_cv_func_gettimeofday=yes
ac_cv_func_memcmp_working=yes
ac_cv_func_memcpy=yes
ac_cv_func_snprintf=yes
ac_cv_func_strchr=yes
ac_cv_func_vsnprintf=yes
ac_cv_header_inttypes_h=yes
ac_cv_header_memory_h=yes
ac_cv_header_stdc=yes
ac_cv_header_stdint_h=yes
ac_cv_header_stdlib_h=yes
ac_cv_header_string_h=yes
ac_cv_header_strings_h=yes
ac_cv_header_sys_stat_h=yes
ac_cv_header_sys_time_h=yes
ac_cv_header_sys_types_h=yes
ac_cv_header_sys_wait_h=yes
ac_cv_header_time=yes
ac_cv_header_unistd_h=yes
ac_cv_host=x86_64-unknown-linux-gnu
ac_cv_lib_crypto_DH_free=yes
ac_cv_lib_nsl_gethostbyname=yes
ac_cv_lib_socket_socket=no
ac_cv_lib_ssl_BIO_new_ssl=yes
ac_cv_objext=o
ac_cv_path_EGREP='/usr/bin/grep -E'
ac_cv_path_GREP=/usr/bin/grep
ac_cv_path_install='/usr/bin/install -c'
ac_cv_path_mkdir=/usr/bin/mkdir
ac_cv_prog_AWK=gawk
ac_cv_prog_CPP='gcc -E'
ac_cv_prog_ac_ct_CC=gcc
ac_cv_prog_ac_ct_RANLIB=ranlib
ac_cv_prog_cc_c89=
ac_cv_prog_cc_g=yes
ac_cv_prog_make_make_set=yes
ac_cv_target=x86_64-unknown-linux-gnu
ac_cv_type_size_t=yes
ac_cv_type_u_int32_t=yes
ac_cv_type_uint32_t=yes
am_cv_CC_dependencies_compiler_type=gcc3

## ----------------- ##
## Output variables. ##
## ----------------- ##

ACLOCAL='${SHELL} /home/barae/packages/Anonymous/thc-ssl-dos/thc-ssl-dos-1.4/config/missing --run aclocal-1.11'
AMDEPBACKSLASH='\'
AMDEP_FALSE='#'
AMDEP_TRUE=''
AMTAR='${SHELL} /home/barae/packages/Anonymous/thc-ssl-dos/thc-ssl-dos-1.4/config/missing --run tar'
AUTOCONF='${SHELL} /home/barae/packages/Anonymous/thc-ssl-dos/thc-ssl-dos-1.4/config/missing --run autoconf'
AUTOHEADER='${SHELL} /home/barae/packages/Anonymous/thc-ssl-dos/thc-ssl-dos-1.4/config/missing --run autoheader'
AUTOMAKE='${SHELL} /home/barae/packages/Anonymous/thc-ssl-dos/thc-ssl-dos-1.4/config/missing --run automake-1.11'
AWK='gawk'
CC='gcc'
CCDEPMODE='depmode=gcc3'
CFLAGS='-O2 -Wall'
CPP='gcc -E'
CPPFLAGS=' -I/usr/local/include '
CYGPATH_W='echo'
DEFS='-DHAVE_CONFIG_H'
DEPDIR='.deps'
ECHO_C=''
ECHO_N='-n'
ECHO_T=''
EGREP='/usr/bin/grep -E'
EXEEXT=''
GREP='/usr/bin/grep'
INSTALL_DATA='${INSTALL} -m 644'
INSTALL_PROGRAM='${INSTALL}'
INSTALL_SCRIPT='${INSTALL}'
INSTALL_STRIP_PROGRAM='$(install_sh) -c -s'
LDFLAGS='-L./  -L/usr/local/lib '
LIBOBJS=''
LIBS='-lssl -lcrypto -lnsl '
LTLIBOBJS=''
MAKEINFO='${SHELL} /home/barae/packages/Anonymous/thc-ssl-dos/thc-ssl-dos-1.4/config/missing --run makeinfo'
MKDIR_P='/usr/bin/mkdir -p'
OBJEXT='o'
PACKAGE='thc-ssl-dos'
PACKAGE_BUGREPORT=''
PACKAGE_NAME=''
PACKAGE_STRING=''
PACKAGE_TARNAME=''
PACKAGE_URL=''
PACKAGE_VERSION=''
PATH_SEPARATOR=':'
RANLIB='ranlib'
SET_MAKE=''
SHELL='/bin/sh'
STRIP=''
VERSION='1.4'
ac_ct_CC='gcc'
am__EXEEXT_FALSE=''
am__EXEEXT_TRUE='#'
am__fastdepCC_FALSE='#'
am__fastdepCC_TRUE=''
am__include='include'
am__isrc=''
am__leading_dot='.'
am__quote=''
am__tar='${AMTAR} chof - "$$tardir"'
am__untar='${AMTAR} xf -'
bindir='${exec_prefix}/bin'
build='x86_64-unknown-linux-gnu'
build_alias=''
build_cpu='x86_64'
build_os='linux-gnu'
build_vendor='unknown'
datadir='${datarootdir}'
datarootdir='${prefix}/share'
docdir='${datarootdir}/doc/${PACKAGE}'
dvidir='${docdir}'
exec_prefix='/usr/local'
host='x86_64-unknown-linux-gnu'
host_alias=''
host_cpu='x86_64'
host_os='linux-gnu'
host_vendor='unknown'
htmldir='${docdir}'
includedir='${prefix}/include'
infodir='${datarootdir}/info'
install_sh='${SHELL} /home/barae/packages/Anonymous/thc-ssl-dos/thc-ssl-dos-1.4/config/install-sh'
libdir='${exec_prefix}/lib'
libexecdir='${exec_prefix}/libexec'
localedir='${datarootdir}/locale'
localstatedir='${prefix}/var'
mandir='${datarootdir}/man'
mkdir_p='/usr/bin/mkdir -p'
oldincludedir='/usr/include'
pdfdir='${docdir}'
prefix='/usr/local'
program_transform_name='s,x,x,'
psdir='${docdir}'
sbindir='${exec_prefix}/sbin'
sharedstatedir='${prefix}/com'
sysconfdir='${prefix}/etc'
target='x86_64-unknown-linux-gnu'
target_alias=''
target_cpu='x86_64'
target_os='linux-gnu'
target_vendor='unknown'

## ----------- ##
## confdefs.h. ##
## ----------- ##

/* confdefs.h */
#define PACKAGE_NAME ""
#define PACKAGE_TARNAME ""
#define PACKAGE_VERSION ""
#define PACKAGE_STRING ""
#define PACKAGE_BUGREPORT ""
#define PACKAGE_URL ""
#define PACKAGE "thc-ssl-dos"
#define VERSION "1.4"
#define HAVE_DEVURANDOM 1
#define HAVE_LIBNSL 1
#define HAVE_LIBCRYPTO 1
#define HAVE_LIBSSL 1
#define STDC_HEADERS 1
#define HAVE_SYS_WAIT_H 1
#define HAVE_SYS_TYPES_H 1
#define HAVE_SYS_STAT_H 1
#define HAVE_STDLIB_H 1
#define HAVE_STRING_H 1
#define HAVE_MEMORY_H 1
#define HAVE_STRINGS_H 1
#define HAVE_INTTYPES_H 1
#define HAVE_STDINT_H 1
#define HAVE_UNISTD_H 1
#define HAVE_SYS_TIME_H 1
#define HAVE_UNISTD_H 1
#define HAVE_STRING_H 1
#define TIME_WITH_SYS_TIME 1
#define HAVE_U_INT32_T 1
#define HAVE_UINT32_T 1
#define HAVE_GETTIMEOFDAY 1
#define HAVE_MEMCPY 1
#define HAVE_STRCHR 1
#define HAVE_SNPRINTF 1
#define HAVE_VSNPRINTF 1
#define IS_UNIX 1

configure: exit 0
